<?xml version="1.0" encoding="UTF-8" ?>
<testsuite tests="9" failures="0" name="FinalProject.DAL.AlgorithmLoaderTest" time="0.988" errors="6" skipped="0">
  <properties>
[...]
</properties>
  <testcase classname="FinalProject.DAL.AlgorithmLoaderTest" name="getAllAlgoNames" time="0.163">
    <error type="java.lang.NullPointerException">java.lang.NullPointerException
	at java.util.Objects.requireNonNull(Objects.java:203)
	at java.util.Arrays$ArrayList.&lt;init&gt;(Arrays.java:3813)
	at java.util.Arrays.asList(Arrays.java:3800)
	at FinalProject.DAL.AlgorithmLoader.getAllAlgoNames(AlgorithmLoader.java:78)
	at FinalProject.DAL.AlgorithmLoaderTest.getAllAlgoNames(AlgorithmLoaderTest.java:118)
	at sun.reflect.NativeMethodAccessorImpl.invoke0(Native Method)
	at sun.reflect.NativeMethodAccessorImpl.invoke(NativeMethodAccessorImpl.java:62)
	at sun.reflect.DelegatingMethodAccessorImpl.invoke(DelegatingMethodAccessorImpl.java:43)
	at java.lang.reflect.Method.invoke(Method.java:483)
	at org.junit.runners.model.FrameworkMethod$1.runReflectiveCall(FrameworkMethod.java:50)
	at org.junit.internal.runners.model.ReflectiveCallable.run(ReflectiveCallable.java:12)
	at org.junit.runners.model.FrameworkMethod.invokeExplosively(FrameworkMethod.java:47)
	at org.junit.internal.runners.statements.InvokeMethod.evaluate(InvokeMethod.java:17)
	at org.junit.internal.runners.statements.RunBefores.evaluate(RunBefores.java:26)
	at org.junit.internal.runners.statements.RunAfters.evaluate(RunAfters.java:27)
	at org.junit.runners.ParentRunner.runLeaf(ParentRunner.java:325)
	at org.junit.runners.BlockJUnit4ClassRunner.runChild(BlockJUnit4ClassRunner.java:78)
	at org.junit.runners.BlockJUnit4ClassRunner.runChild(BlockJUnit4ClassRunner.java:57)
	at org.junit.runners.ParentRunner$3.run(ParentRunner.java:290)
	at org.junit.runners.ParentRunner$1.schedule(ParentRunner.java:71)
	at org.junit.runners.ParentRunner.runChildren(ParentRunner.java:288)
	at org.junit.runners.ParentRunner.access$000(ParentRunner.java:58)
	at org.junit.runners.ParentRunner$2.evaluate(ParentRunner.java:268)
	at org.junit.runners.ParentRunner.run(ParentRunner.java:363)
	at org.apache.maven.surefire.junit4.JUnit4TestSet.execute(JUnit4TestSet.java:53)
	at org.apache.maven.surefire.junit4.JUnit4Provider.executeTestSet(JUnit4Provider.java:123)
	at org.apache.maven.surefire.junit4.JUnit4Provider.invoke(JUnit4Provider.java:104)
	at sun.reflect.NativeMethodAccessorImpl.invoke0(Native Method)
	at sun.reflect.NativeMethodAccessorImpl.invoke(NativeMethodAccessorImpl.java:62)
	at sun.reflect.DelegatingMethodAccessorImpl.invoke(DelegatingMethodAccessorImpl.java:43)
	at java.lang.reflect.Method.invoke(Method.java:483)
	at org.apache.maven.surefire.util.ReflectionUtils.invokeMethodWithArray(ReflectionUtils.java:164)
	at org.apache.maven.surefire.booter.ProviderFactory$ProviderProxy.invoke(ProviderFactory.java:110)
	at org.apache.maven.surefire.booter.SurefireStarter.invokeProvider(SurefireStarter.java:175)
	at org.apache.maven.surefire.booter.SurefireStarter.runSuitesInProcessWhenForked(SurefireStarter.java:107)
	at org.apache.maven.surefire.booter.ForkedBooter.main(ForkedBooter.java:68)
</error>
    <system-out>104 [main] WARN FinalProject.DAL.AlgorithmLoader  - cannot find given path. using default path instead
104 [main] WARN FinalProject.DAL.AlgorithmLoader  - cannot find given path. using default path instead
104 [main] WARN FinalProject.DAL.AlgorithmLoader  - cannot find given path. using default path instead
104 [main] WARN FinalProject.DAL.AlgorithmLoader  - cannot find given path. using default path instead
104 [main] WARN FinalProject.DAL.AlgorithmLoader  - cannot find given path. using default path instead
104 [main] WARN FinalProject.DAL.AlgorithmLoader  - cannot find given path. using default path instead
104 [main] WARN FinalProject.DAL.AlgorithmLoader  - cannot find given path. using default path instead
104 [main] WARN FinalProject.DAL.AlgorithmLoader  - cannot find given path. using default path instead
</system-out>
  </testcase>
  <testcase classname="FinalProject.DAL.AlgorithmLoaderTest" name="loadAlgorithmsNotAlgoBad" time="0.119"/>
  <testcase classname="FinalProject.DAL.AlgorithmLoaderTest" name="addAlgoToSystemNotBehaviourBad" time="0.585">
    <error message="directory not found: " type="java.lang.IllegalStateException">java.lang.IllegalStateException: directory not found: 
	at com.sun.tools.javac.main.Main.error(Main.java:186)
	at com.sun.tools.javac.main.Main.checkDirectory(Main.java:345)
	at com.sun.tools.javac.main.Main.processArgs(Main.java:274)
	at com.sun.tools.javac.main.Main.compile(Main.java:414)
	at com.sun.tools.javac.api.JavacTaskImpl.doCall(JavacTaskImpl.java:129)
	at com.sun.tools.javac.api.JavacTaskImpl.call(JavacTaskImpl.java:138)
	at FinalProject.DAL.AlgorithmLoader.compile(AlgorithmLoader.java:181)
	at FinalProject.DAL.AlgorithmLoader.addAlgoToSystem(AlgorithmLoader.java:98)
	at FinalProject.DAL.AlgorithmLoaderTest.addAlgoToSystemNotBehaviourBad(AlgorithmLoaderTest.java:138)
	at sun.reflect.NativeMethodAccessorImpl.invoke0(Native Method)
	at sun.reflect.NativeMethodAccessorImpl.invoke(NativeMethodAccessorImpl.java:62)
	at sun.reflect.DelegatingMethodAccessorImpl.invoke(DelegatingMethodAccessorImpl.java:43)
	at java.lang.reflect.Method.invoke(Method.java:483)
	at org.junit.runners.model.FrameworkMethod$1.runReflectiveCall(FrameworkMethod.java:50)
	at org.junit.internal.runners.model.ReflectiveCallable.run(ReflectiveCallable.java:12)
	at org.junit.runners.model.FrameworkMethod.invokeExplosively(FrameworkMethod.java:47)
	at org.junit.internal.runners.statements.InvokeMethod.evaluate(InvokeMethod.java:17)
	at org.junit.internal.runners.statements.RunBefores.evaluate(RunBefores.java:26)
	at org.junit.internal.runners.statements.RunAfters.evaluate(RunAfters.java:27)
	at org.junit.runners.ParentRunner.runLeaf(ParentRunner.java:325)
	at org.junit.runners.BlockJUnit4ClassRunner.runChild(BlockJUnit4ClassRunner.java:78)
	at org.junit.runners.BlockJUnit4ClassRunner.runChild(BlockJUnit4ClassRunner.java:57)
	at org.junit.runners.ParentRunner$3.run(ParentRunner.java:290)
	at org.junit.runners.ParentRunner$1.schedule(ParentRunner.java:71)
	at org.junit.runners.ParentRunner.runChildren(ParentRunner.java:288)
	at org.junit.runners.ParentRunner.access$000(ParentRunner.java:58)
	at org.junit.runners.ParentRunner$2.evaluate(ParentRunner.java:268)
	at org.junit.runners.ParentRunner.run(ParentRunner.java:363)
	at org.apache.maven.surefire.junit4.JUnit4TestSet.execute(JUnit4TestSet.java:53)
	at org.apache.maven.surefire.junit4.JUnit4Provider.executeTestSet(JUnit4Provider.java:123)
	at org.apache.maven.surefire.junit4.JUnit4Provider.invoke(JUnit4Provider.java:104)
	at sun.reflect.NativeMethodAccessorImpl.invoke0(Native Method)
	at sun.reflect.NativeMethodAccessorImpl.invoke(NativeMethodAccessorImpl.java:62)
	at sun.reflect.DelegatingMethodAccessorImpl.invoke(DelegatingMethodAccessorImpl.java:43)
	at java.lang.reflect.Method.invoke(Method.java:483)
	at org.apache.maven.surefire.util.ReflectionUtils.invokeMethodWithArray(ReflectionUtils.java:164)
	at org.apache.maven.surefire.booter.ProviderFactory$ProviderProxy.invoke(ProviderFactory.java:110)
	at org.apache.maven.surefire.booter.SurefireStarter.invokeProvider(SurefireStarter.java:175)
	at org.apache.maven.surefire.booter.SurefireStarter.runSuitesInProcessWhenForked(SurefireStarter.java:107)
	at org.apache.maven.surefire.booter.ForkedBooter.main(ForkedBooter.java:68)
</error>
    <system-out>332 [main] WARN FinalProject.DAL.AlgorithmLoader  - cannot find given path. using default path instead
332 [main] WARN FinalProject.DAL.AlgorithmLoader  - cannot find given path. using default path instead
332 [main] WARN FinalProject.DAL.AlgorithmLoader  - cannot find given path. using default path instead
332 [main] WARN FinalProject.DAL.AlgorithmLoader  - cannot find given path. using default path instead
332 [main] WARN FinalProject.DAL.AlgorithmLoader  - cannot find given path. using default path instead
332 [main] WARN FinalProject.DAL.AlgorithmLoader  - cannot find given path. using default path instead
332 [main] WARN FinalProject.DAL.AlgorithmLoader  - cannot find given path. using default path instead
332 [main] WARN FinalProject.DAL.AlgorithmLoader  - cannot find given path. using default path instead
332 [main] WARN FinalProject.DAL.AlgorithmLoader  - cannot find given path. using default path instead
332 [main] WARN FinalProject.DAL.AlgorithmLoader  - cannot find given path. using default path instead
</system-out>
  </testcase>
  <testcase classname="FinalProject.DAL.AlgorithmLoaderTest" name="loadAlgorithmsGood" time="0.009">
    <error message="directory not found: " type="java.lang.IllegalStateException">java.lang.IllegalStateException: directory not found: 
	at com.sun.tools.javac.main.Main.error(Main.java:186)
	at com.sun.tools.javac.main.Main.checkDirectory(Main.java:345)
	at com.sun.tools.javac.main.Main.processArgs(Main.java:274)
	at com.sun.tools.javac.main.Main.compile(Main.java:414)
	at com.sun.tools.javac.api.JavacTaskImpl.doCall(JavacTaskImpl.java:129)
	at com.sun.tools.javac.api.JavacTaskImpl.call(JavacTaskImpl.java:138)
	at FinalProject.DAL.AlgorithmLoader.compile(AlgorithmLoader.java:181)
	at FinalProject.DAL.AlgorithmLoader.addAlgoToSystem(AlgorithmLoader.java:98)
	at FinalProject.DAL.AlgorithmLoaderTest.loadAlgorithmsGood(AlgorithmLoaderTest.java:49)
	at sun.reflect.NativeMethodAccessorImpl.invoke0(Native Method)
	at sun.reflect.NativeMethodAccessorImpl.invoke(NativeMethodAccessorImpl.java:62)
	at sun.reflect.DelegatingMethodAccessorImpl.invoke(DelegatingMethodAccessorImpl.java:43)
	at java.lang.reflect.Method.invoke(Method.java:483)
	at org.junit.runners.model.FrameworkMethod$1.runReflectiveCall(FrameworkMethod.java:50)
	at org.junit.internal.runners.model.ReflectiveCallable.run(ReflectiveCallable.java:12)
	at org.junit.runners.model.FrameworkMethod.invokeExplosively(FrameworkMethod.java:47)
	at org.junit.internal.runners.statements.InvokeMethod.evaluate(InvokeMethod.java:17)
	at org.junit.internal.runners.statements.RunBefores.evaluate(RunBefores.java:26)
	at org.junit.internal.runners.statements.RunAfters.evaluate(RunAfters.java:27)
	at org.junit.runners.ParentRunner.runLeaf(ParentRunner.java:325)
	at org.junit.runners.BlockJUnit4ClassRunner.runChild(BlockJUnit4ClassRunner.java:78)
	at org.junit.runners.BlockJUnit4ClassRunner.runChild(BlockJUnit4ClassRunner.java:57)
	at org.junit.runners.ParentRunner$3.run(ParentRunner.java:290)
	at org.junit.runners.ParentRunner$1.schedule(ParentRunner.java:71)
	at org.junit.runners.ParentRunner.runChildren(ParentRunner.java:288)
	at org.junit.runners.ParentRunner.access$000(ParentRunner.java:58)
	at org.junit.runners.ParentRunner$2.evaluate(ParentRunner.java:268)
	at org.junit.runners.ParentRunner.run(ParentRunner.java:363)
	at org.apache.maven.surefire.junit4.JUnit4TestSet.execute(JUnit4TestSet.java:53)
	at org.apache.maven.surefire.junit4.JUnit4Provider.executeTestSet(JUnit4Provider.java:123)
	at org.apache.maven.surefire.junit4.JUnit4Provider.invoke(JUnit4Provider.java:104)
	at sun.reflect.NativeMethodAccessorImpl.invoke0(Native Method)
	at sun.reflect.NativeMethodAccessorImpl.invoke(NativeMethodAccessorImpl.java:62)
	at sun.reflect.DelegatingMethodAccessorImpl.invoke(DelegatingMethodAccessorImpl.java:43)
	at java.lang.reflect.Method.invoke(Method.java:483)
	at org.apache.maven.surefire.util.ReflectionUtils.invokeMethodWithArray(ReflectionUtils.java:164)
	at org.apache.maven.surefire.booter.ProviderFactory$ProviderProxy.invoke(ProviderFactory.java:110)
	at org.apache.maven.surefire.booter.SurefireStarter.invokeProvider(SurefireStarter.java:175)
	at org.apache.maven.surefire.booter.SurefireStarter.runSuitesInProcessWhenForked(SurefireStarter.java:107)
	at org.apache.maven.surefire.booter.ForkedBooter.main(ForkedBooter.java:68)
</error>
    <system-out>941 [main] WARN FinalProject.DAL.AlgorithmLoader  - cannot find given path. using default path instead
941 [main] WARN FinalProject.DAL.AlgorithmLoader  - cannot find given path. using default path instead
941 [main] WARN FinalProject.DAL.AlgorithmLoader  - cannot find given path. using default path instead
941 [main] WARN FinalProject.DAL.AlgorithmLoader  - cannot find given path. using default path instead
941 [main] WARN FinalProject.DAL.AlgorithmLoader  - cannot find given path. using default path instead
941 [main] WARN FinalProject.DAL.AlgorithmLoader  - cannot find given path. using default path instead
941 [main] WARN FinalProject.DAL.AlgorithmLoader  - cannot find given path. using default path instead
941 [main] WARN FinalProject.DAL.AlgorithmLoader  - cannot find given path. using default path instead
941 [main] WARN FinalProject.DAL.AlgorithmLoader  - cannot find given path. using default path instead
941 [main] WARN FinalProject.DAL.AlgorithmLoader  - cannot find given path. using default path instead
941 [main] WARN FinalProject.DAL.AlgorithmLoader  - cannot find given path. using default path instead
</system-out>
  </testcase>
  <testcase classname="FinalProject.DAL.AlgorithmLoaderTest" name="loadAlgorithmsNotAllAreAlgoBad" time="0.026">
    <error message="directory not found: " type="java.lang.IllegalStateException">java.lang.IllegalStateException: directory not found: 
	at com.sun.tools.javac.main.Main.error(Main.java:186)
	at com.sun.tools.javac.main.Main.checkDirectory(Main.java:345)
	at com.sun.tools.javac.main.Main.processArgs(Main.java:274)
	at com.sun.tools.javac.main.Main.compile(Main.java:414)
	at com.sun.tools.javac.api.JavacTaskImpl.doCall(JavacTaskImpl.java:129)
	at com.sun.tools.javac.api.JavacTaskImpl.call(JavacTaskImpl.java:138)
	at FinalProject.DAL.AlgorithmLoader.compile(AlgorithmLoader.java:181)
	at FinalProject.DAL.AlgorithmLoader.addAlgoToSystem(AlgorithmLoader.java:98)
	at FinalProject.DAL.AlgorithmLoaderTest.loadAlgorithmsNotAllAreAlgoBad(AlgorithmLoaderTest.java:86)
	at sun.reflect.NativeMethodAccessorImpl.invoke0(Native Method)
	at sun.reflect.NativeMethodAccessorImpl.invoke(NativeMethodAccessorImpl.java:62)
	at sun.reflect.DelegatingMethodAccessorImpl.invoke(DelegatingMethodAccessorImpl.java:43)
	at java.lang.reflect.Method.invoke(Method.java:483)
	at org.junit.runners.model.FrameworkMethod$1.runReflectiveCall(FrameworkMethod.java:50)
	at org.junit.internal.runners.model.ReflectiveCallable.run(ReflectiveCallable.java:12)
	at org.junit.runners.model.FrameworkMethod.invokeExplosively(FrameworkMethod.java:47)
	at org.junit.internal.runners.statements.InvokeMethod.evaluate(InvokeMethod.java:17)
	at org.junit.internal.runners.statements.RunBefores.evaluate(RunBefores.java:26)
	at org.junit.internal.runners.statements.RunAfters.evaluate(RunAfters.java:27)
	at org.junit.runners.ParentRunner.runLeaf(ParentRunner.java:325)
	at org.junit.runners.BlockJUnit4ClassRunner.runChild(BlockJUnit4ClassRunner.java:78)
	at org.junit.runners.BlockJUnit4ClassRunner.runChild(BlockJUnit4ClassRunner.java:57)
	at org.junit.runners.ParentRunner$3.run(ParentRunner.java:290)
	at org.junit.runners.ParentRunner$1.schedule(ParentRunner.java:71)
	at org.junit.runners.ParentRunner.runChildren(ParentRunner.java:288)
	at org.junit.runners.ParentRunner.access$000(ParentRunner.java:58)
	at org.junit.runners.ParentRunner$2.evaluate(ParentRunner.java:268)
	at org.junit.runners.ParentRunner.run(ParentRunner.java:363)
	at org.apache.maven.surefire.junit4.JUnit4TestSet.execute(JUnit4TestSet.java:53)
	at org.apache.maven.surefire.junit4.JUnit4Provider.executeTestSet(JUnit4Provider.java:123)
	at org.apache.maven.surefire.junit4.JUnit4Provider.invoke(JUnit4Provider.java:104)
	at sun.reflect.NativeMethodAccessorImpl.invoke0(Native Method)
	at sun.reflect.NativeMethodAccessorImpl.invoke(NativeMethodAccessorImpl.java:62)
	at sun.reflect.DelegatingMethodAccessorImpl.invoke(DelegatingMethodAccessorImpl.java:43)
	at java.lang.reflect.Method.invoke(Method.java:483)
	at org.apache.maven.surefire.util.ReflectionUtils.invokeMethodWithArray(ReflectionUtils.java:164)
	at org.apache.maven.surefire.booter.ProviderFactory$ProviderProxy.invoke(ProviderFactory.java:110)
	at org.apache.maven.surefire.booter.SurefireStarter.invokeProvider(SurefireStarter.java:175)
	at org.apache.maven.surefire.booter.SurefireStarter.runSuitesInProcessWhenForked(SurefireStarter.java:107)
	at org.apache.maven.surefire.booter.ForkedBooter.main(ForkedBooter.java:68)
</error>
    <system-out>951 [main] WARN FinalProject.DAL.AlgorithmLoader  - cannot find given path. using default path instead
951 [main] WARN FinalProject.DAL.AlgorithmLoader  - cannot find given path. using default path instead
951 [main] WARN FinalProject.DAL.AlgorithmLoader  - cannot find given path. using default path instead
951 [main] WARN FinalProject.DAL.AlgorithmLoader  - cannot find given path. using default path instead
951 [main] WARN FinalProject.DAL.AlgorithmLoader  - cannot find given path. using default path instead
951 [main] WARN FinalProject.DAL.AlgorithmLoader  - cannot find given path. using default path instead
951 [main] WARN FinalProject.DAL.AlgorithmLoader  - cannot find given path. using default path instead
951 [main] WARN FinalProject.DAL.AlgorithmLoader  - cannot find given path. using default path instead
951 [main] WARN FinalProject.DAL.AlgorithmLoader  - cannot find given path. using default path instead
951 [main] WARN FinalProject.DAL.AlgorithmLoader  - cannot find given path. using default path instead
951 [main] WARN FinalProject.DAL.AlgorithmLoader  - cannot find given path. using default path instead
951 [main] WARN FinalProject.DAL.AlgorithmLoader  - cannot find given path. using default path instead
</system-out>
  </testcase>
  <testcase classname="FinalProject.DAL.AlgorithmLoaderTest" name="loadAlgorithmsNullNameAlgoBad" time="0.008"/>
  <testcase classname="FinalProject.DAL.AlgorithmLoaderTest" name="loadAlgorithmsNullAndAlgoInListBad" time="0.006">
    <error message="directory not found: " type="java.lang.IllegalStateException">java.lang.IllegalStateException: directory not found: 
	at com.sun.tools.javac.main.Main.error(Main.java:186)
	at com.sun.tools.javac.main.Main.checkDirectory(Main.java:345)
	at com.sun.tools.javac.main.Main.processArgs(Main.java:274)
	at com.sun.tools.javac.main.Main.compile(Main.java:414)
	at com.sun.tools.javac.api.JavacTaskImpl.doCall(JavacTaskImpl.java:129)
	at com.sun.tools.javac.api.JavacTaskImpl.call(JavacTaskImpl.java:138)
	at FinalProject.DAL.AlgorithmLoader.compile(AlgorithmLoader.java:181)
	at FinalProject.DAL.AlgorithmLoader.addAlgoToSystem(AlgorithmLoader.java:98)
	at FinalProject.DAL.AlgorithmLoaderTest.loadAlgorithmsNullAndAlgoInListBad(AlgorithmLoaderTest.java:62)
	at sun.reflect.NativeMethodAccessorImpl.invoke0(Native Method)
	at sun.reflect.NativeMethodAccessorImpl.invoke(NativeMethodAccessorImpl.java:62)
	at sun.reflect.DelegatingMethodAccessorImpl.invoke(DelegatingMethodAccessorImpl.java:43)
	at java.lang.reflect.Method.invoke(Method.java:483)
	at org.junit.runners.model.FrameworkMethod$1.runReflectiveCall(FrameworkMethod.java:50)
	at org.junit.internal.runners.model.ReflectiveCallable.run(ReflectiveCallable.java:12)
	at org.junit.runners.model.FrameworkMethod.invokeExplosively(FrameworkMethod.java:47)
	at org.junit.internal.runners.statements.InvokeMethod.evaluate(InvokeMethod.java:17)
	at org.junit.internal.runners.statements.RunBefores.evaluate(RunBefores.java:26)
	at org.junit.internal.runners.statements.RunAfters.evaluate(RunAfters.java:27)
	at org.junit.runners.ParentRunner.runLeaf(ParentRunner.java:325)
	at org.junit.runners.BlockJUnit4ClassRunner.runChild(BlockJUnit4ClassRunner.java:78)
	at org.junit.runners.BlockJUnit4ClassRunner.runChild(BlockJUnit4ClassRunner.java:57)
	at org.junit.runners.ParentRunner$3.run(ParentRunner.java:290)
	at org.junit.runners.ParentRunner$1.schedule(ParentRunner.java:71)
	at org.junit.runners.ParentRunner.runChildren(ParentRunner.java:288)
	at org.junit.runners.ParentRunner.access$000(ParentRunner.java:58)
	at org.junit.runners.ParentRunner$2.evaluate(ParentRunner.java:268)
	at org.junit.runners.ParentRunner.run(ParentRunner.java:363)
	at org.apache.maven.surefire.junit4.JUnit4TestSet.execute(JUnit4TestSet.java:53)
	at org.apache.maven.surefire.junit4.JUnit4Provider.executeTestSet(JUnit4Provider.java:123)
	at org.apache.maven.surefire.junit4.JUnit4Provider.invoke(JUnit4Provider.java:104)
	at sun.reflect.NativeMethodAccessorImpl.invoke0(Native Method)
	at sun.reflect.NativeMethodAccessorImpl.invoke(NativeMethodAccessorImpl.java:62)
	at sun.reflect.DelegatingMethodAccessorImpl.invoke(DelegatingMethodAccessorImpl.java:43)
	at java.lang.reflect.Method.invoke(Method.java:483)
	at org.apache.maven.surefire.util.ReflectionUtils.invokeMethodWithArray(ReflectionUtils.java:164)
	at org.apache.maven.surefire.booter.ProviderFactory$ProviderProxy.invoke(ProviderFactory.java:110)
	at org.apache.maven.surefire.booter.SurefireStarter.invokeProvider(SurefireStarter.java:175)
	at org.apache.maven.surefire.booter.SurefireStarter.runSuitesInProcessWhenForked(SurefireStarter.java:107)
	at org.apache.maven.surefire.booter.ForkedBooter.main(ForkedBooter.java:68)
</error>
    <system-out>979 [main] WARN FinalProject.DAL.AlgorithmLoader  - cannot find given path. using default path instead
979 [main] WARN FinalProject.DAL.AlgorithmLoader  - cannot find given path. using default path instead
979 [main] WARN FinalProject.DAL.AlgorithmLoader  - cannot find given path. using default path instead
979 [main] WARN FinalProject.DAL.AlgorithmLoader  - cannot find given path. using default path instead
979 [main] WARN FinalProject.DAL.AlgorithmLoader  - cannot find given path. using default path instead
979 [main] WARN FinalProject.DAL.AlgorithmLoader  - cannot find given path. using default path instead
979 [main] WARN FinalProject.DAL.AlgorithmLoader  - cannot find given path. using default path instead
979 [main] WARN FinalProject.DAL.AlgorithmLoader  - cannot find given path. using default path instead
979 [main] WARN FinalProject.DAL.AlgorithmLoader  - cannot find given path. using default path instead
979 [main] WARN FinalProject.DAL.AlgorithmLoader  - cannot find given path. using default path instead
979 [main] WARN FinalProject.DAL.AlgorithmLoader  - cannot find given path. using default path instead
979 [main] WARN FinalProject.DAL.AlgorithmLoader  - cannot find given path. using default path instead
979 [main] WARN FinalProject.DAL.AlgorithmLoader  - cannot find given path. using default path instead
979 [main] WARN FinalProject.DAL.AlgorithmLoader  - cannot find given path. using default path instead
</system-out>
  </testcase>
  <testcase classname="FinalProject.DAL.AlgorithmLoaderTest" name="addAlgoToSystemGood" time="0.014">
    <error message="directory not found: " type="java.lang.IllegalStateException">java.lang.IllegalStateException: directory not found: 
	at com.sun.tools.javac.main.Main.error(Main.java:186)
	at com.sun.tools.javac.main.Main.checkDirectory(Main.java:345)
	at com.sun.tools.javac.main.Main.processArgs(Main.java:274)
	at com.sun.tools.javac.main.Main.compile(Main.java:414)
	at com.sun.tools.javac.api.JavacTaskImpl.doCall(JavacTaskImpl.java:129)
	at com.sun.tools.javac.api.JavacTaskImpl.call(JavacTaskImpl.java:138)
	at FinalProject.DAL.AlgorithmLoader.compile(AlgorithmLoader.java:181)
	at FinalProject.DAL.AlgorithmLoader.addAlgoToSystem(AlgorithmLoader.java:98)
	at FinalProject.DAL.AlgorithmLoaderTest.addAlgoToSystemGood(AlgorithmLoaderTest.java:126)
	at sun.reflect.NativeMethodAccessorImpl.invoke0(Native Method)
	at sun.reflect.NativeMethodAccessorImpl.invoke(NativeMethodAccessorImpl.java:62)
	at sun.reflect.DelegatingMethodAccessorImpl.invoke(DelegatingMethodAccessorImpl.java:43)
	at java.lang.reflect.Method.invoke(Method.java:483)
	at org.junit.runners.model.FrameworkMethod$1.runReflectiveCall(FrameworkMethod.java:50)
	at org.junit.internal.runners.model.ReflectiveCallable.run(ReflectiveCallable.java:12)
	at org.junit.runners.model.FrameworkMethod.invokeExplosively(FrameworkMethod.java:47)
	at org.junit.internal.runners.statements.InvokeMethod.evaluate(InvokeMethod.java:17)
	at org.junit.internal.runners.statements.RunBefores.evaluate(RunBefores.java:26)
	at org.junit.internal.runners.statements.RunAfters.evaluate(RunAfters.java:27)
	at org.junit.runners.ParentRunner.runLeaf(ParentRunner.java:325)
	at org.junit.runners.BlockJUnit4ClassRunner.runChild(BlockJUnit4ClassRunner.java:78)
	at org.junit.runners.BlockJUnit4ClassRunner.runChild(BlockJUnit4ClassRunner.java:57)
	at org.junit.runners.ParentRunner$3.run(ParentRunner.java:290)
	at org.junit.runners.ParentRunner$1.schedule(ParentRunner.java:71)
	at org.junit.runners.ParentRunner.runChildren(ParentRunner.java:288)
	at org.junit.runners.ParentRunner.access$000(ParentRunner.java:58)
	at org.junit.runners.ParentRunner$2.evaluate(ParentRunner.java:268)
	at org.junit.runners.ParentRunner.run(ParentRunner.java:363)
	at org.apache.maven.surefire.junit4.JUnit4TestSet.execute(JUnit4TestSet.java:53)
	at org.apache.maven.surefire.junit4.JUnit4Provider.executeTestSet(JUnit4Provider.java:123)
	at org.apache.maven.surefire.junit4.JUnit4Provider.invoke(JUnit4Provider.java:104)
	at sun.reflect.NativeMethodAccessorImpl.invoke0(Native Method)
	at sun.reflect.NativeMethodAccessorImpl.invoke(NativeMethodAccessorImpl.java:62)
	at sun.reflect.DelegatingMethodAccessorImpl.invoke(DelegatingMethodAccessorImpl.java:43)
	at java.lang.reflect.Method.invoke(Method.java:483)
	at org.apache.maven.surefire.util.ReflectionUtils.invokeMethodWithArray(ReflectionUtils.java:164)
	at org.apache.maven.surefire.booter.ProviderFactory$ProviderProxy.invoke(ProviderFactory.java:110)
	at org.apache.maven.surefire.booter.SurefireStarter.invokeProvider(SurefireStarter.java:175)
	at org.apache.maven.surefire.booter.SurefireStarter.runSuitesInProcessWhenForked(SurefireStarter.java:107)
	at org.apache.maven.surefire.booter.ForkedBooter.main(ForkedBooter.java:68)
</error>
    <system-out>990 [main] WARN FinalProject.DAL.AlgorithmLoader  - cannot find given path. using default path instead
990 [main] WARN FinalProject.DAL.AlgorithmLoader  - cannot find given path. using default path instead
990 [main] WARN FinalProject.DAL.AlgorithmLoader  - cannot find given path. using default path instead
990 [main] WARN FinalProject.DAL.AlgorithmLoader  - cannot find given path. using default path instead
990 [main] WARN FinalProject.DAL.AlgorithmLoader  - cannot find given path. using default path instead
990 [main] WARN FinalProject.DAL.AlgorithmLoader  - cannot find given path. using default path instead
990 [main] WARN FinalProject.DAL.AlgorithmLoader  - cannot find given path. using default path instead
990 [main] WARN FinalProject.DAL.AlgorithmLoader  - cannot find given path. using default path instead
990 [main] WARN FinalProject.DAL.AlgorithmLoader  - cannot find given path. using default path instead
990 [main] WARN FinalProject.DAL.AlgorithmLoader  - cannot find given path. using default path instead
990 [main] WARN FinalProject.DAL.AlgorithmLoader  - cannot find given path. using default path instead
990 [main] WARN FinalProject.DAL.AlgorithmLoader  - cannot find given path. using default path instead
990 [main] WARN FinalProject.DAL.AlgorithmLoader  - cannot find given path. using default path instead
990 [main] WARN FinalProject.DAL.AlgorithmLoader  - cannot find given path. using default path instead
990 [main] WARN FinalProject.DAL.AlgorithmLoader  - cannot find given path. using default path instead
</system-out>
  </testcase>
  <testcase classname="FinalProject.DAL.AlgorithmLoaderTest" name="loadAlgorithmsNullListAlgoBad" time="0.029"/>
</testsuite>