<?xml version="1.0" encoding="UTF-8" ?>
<testsuite tests="9" failures="0" name="FinalProject.DAL.AlgorithmLoaderTest" time="0.988" errors="6" skipped="0">
  <properties>
    <property name="idea.version" value="2016.2.2"/>
    <property name="java.runtime.name" value="Java(TM) SE Runtime Environment"/>
    <property name="sun.boot.library.path" value="C:\Program Files (x86)\Java\jdk1.8.0_25\jre\bin"/>
    <property name="java.vm.version" value="25.25-b02"/>
    <property name="java.vm.vendor" value="Oracle Corporation"/>
    <property name="java.vendor.url" value="http://java.oracle.com/"/>
    <property name="path.separator" value=";"/>
    <property name="guice.disable.misplaced.annotation.check" value="true"/>
    <property name="java.vm.name" value="Java HotSpot(TM) Client VM"/>
    <property name="file.encoding.pkg" value="sun.io"/>
    <property name="idea.launcher.port" value="7534"/>
    <property name="user.script" value=""/>
    <property name="user.country" value="US"/>
    <property name="sun.java.launcher" value="SUN_STANDARD"/>
    <property name="sun.os.patch.level" value=""/>
    <property name="java.vm.specification.name" value="Java Virtual Machine Specification"/>
    <property name="user.dir" value="C:\Users\oded\workspace\final project\Final"/>
    <property name="java.runtime.version" value="1.8.0_25-b18"/>
    <property name="java.awt.graphicsenv" value="sun.awt.Win32GraphicsEnvironment"/>
    <property name="java.endorsed.dirs" value="C:\Program Files (x86)\Java\jdk1.8.0_25\jre\lib\endorsed"/>
    <property name="os.arch" value="x86"/>
    <property name="java.io.tmpdir" value="C:\Users\oded\AppData\Local\Temp\"/>
    <property name="line.separator" value="
"/>
    <property name="java.vm.specification.vendor" value="Oracle Corporation"/>
    <property name="user.variant" value=""/>
    <property name="os.name" value="Windows 8.1"/>
    <property name="classworlds.conf" value="C:\Program Files (x86)\JetBrains\IntelliJ IDEA 2016.2.2\plugins\maven\lib\maven3\bin\m2.conf"/>
    <property name="sun.jnu.encoding" value="Cp1252"/>
    <property name="java.library.path" value="C:\Program Files (x86)\Java\jdk1.8.0_25\bin;C:\WINDOWS\Sun\Java\bin;C:\WINDOWS\system32;C:\WINDOWS;C:\Program Files (x86)\Intel\iCLS Client\;C:\Program Files\Intel\iCLS Client\;C:\ProgramData\Oracle\Java\javapath;C:\Program Files (x86)\Java\jdk1.8.0_25\bin;C:\Program Files (x86)\Skype\Phone\;C:\WINDOWS\system32;C:\WINDOWS;C:\WINDOWS\System32\Wbem;C:\WINDOWS\System32\WindowsPowerShell\v1.0\;C:\Program Files\Intel\Intel(R) Management Engine Components\DAL;C:\Program Files\Intel\Intel(R) Management Engine Components\IPT;C:\Program Files (x86)\Intel\Intel(R) Management Engine Components\DAL;C:\Program Files (x86)\Intel\Intel(R) Management Engine Components\IPT;C:\Program Files (x86)\Java\jdk1.8.0_25\bin;C:\Program Files\Git\cmd;C:\Program Files\dotnet\;C:\Program Files (x86)\GtkSharp\2.12\bin;C:\apache-ant-1.10.1\bin;&quot;C:\Users\oded\AppData\Local\Microsoft\WindowsApps;C:\apache-ant-1.10.1\bin;%iIDEA%\bin&quot;;C:\Users\oded\AppData\Local\Microsoft\WindowsApps;;."/>
    <property name="java.specification.name" value="Java Platform API Specification"/>
    <property name="java.class.version" value="52.0"/>
    <property name="sun.management.compiler" value="HotSpot Client Compiler"/>
    <property name="os.version" value="6.3"/>
    <property name="user.home" value="C:\Users\oded"/>
    <property name="user.timezone" value="Asia/Jerusalem"/>
    <property name="java.awt.printerjob" value="sun.awt.windows.WPrinterJob"/>
    <property name="java.specification.version" value="1.8"/>
    <property name="idea.launcher.bin.path" value="C:\Program Files (x86)\JetBrains\IntelliJ IDEA 2016.2.2\bin"/>
    <property name="file.encoding" value="UTF-8"/>
    <property name="user.name" value="oded"/>
    <property name="java.class.path" value="C:\Program Files (x86)\JetBrains\IntelliJ IDEA 2016.2.2\plugins\maven\lib\maven3\boot\plexus-classworlds-2.4.jar;C:\Program Files (x86)\JetBrains\IntelliJ IDEA 2016.2.2\lib\idea_rt.jar"/>
    <property name="java.vm.specification.version" value="1.8"/>
    <property name="sun.arch.data.model" value="32"/>
    <property name="java.home" value="C:\Program Files (x86)\Java\jdk1.8.0_25\jre"/>
    <property name="sun.java.command" value="com.intellij.rt.execution.application.AppMain org.codehaus.classworlds.Launcher -Didea.version=2016.2.2 install"/>
    <property name="java.specification.vendor" value="Oracle Corporation"/>
    <property name="user.language" value="en"/>
    <property name="awt.toolkit" value="sun.awt.windows.WToolkit"/>
    <property name="java.vm.info" value="mixed mode"/>
    <property name="java.version" value="1.8.0_25"/>
    <property name="java.ext.dirs" value="C:\Program Files (x86)\Java\jdk1.8.0_25\jre\lib\ext;C:\WINDOWS\Sun\Java\lib\ext"/>
    <property name="sun.boot.class.path" value="C:\Program Files (x86)\Java\jdk1.8.0_25\jre\lib\resources.jar;C:\Program Files (x86)\Java\jdk1.8.0_25\jre\lib\rt.jar;C:\Program Files (x86)\Java\jdk1.8.0_25\jre\lib\sunrsasign.jar;C:\Program Files (x86)\Java\jdk1.8.0_25\jre\lib\jsse.jar;C:\Program Files (x86)\Java\jdk1.8.0_25\jre\lib\jce.jar;C:\Program Files (x86)\Java\jdk1.8.0_25\jre\lib\charsets.jar;C:\Program Files (x86)\Java\jdk1.8.0_25\jre\lib\jfr.jar;C:\Program Files (x86)\Java\jdk1.8.0_25\jre\classes"/>
    <property name="java.vendor" value="Oracle Corporation"/>
    <property name="maven.home" value="C:\Program Files (x86)\JetBrains\IntelliJ IDEA 2016.2.2\plugins\maven\lib\maven3"/>
    <property name="file.separator" value="\"/>
    <property name="java.vendor.url.bug" value="http://bugreport.sun.com/bugreport/"/>
    <property name="sun.cpu.endian" value="little"/>
    <property name="sun.io.unicode.encoding" value="UnicodeLittle"/>
    <property name="sun.desktop" value="windows"/>
    <property name="sun.cpu.isalist" value="pentium_pro+mmx pentium_pro pentium+mmx pentium i486 i386 i86"/>
  </properties>
  <testcase classname="FinalProject.DAL.AlgorithmLoaderTest" name="getAllAlgoNames" time="0.163">
    <error type="java.lang.NullPointerException">java.lang.NullPointerException
	at java.util.Objects.requireNonNull(Objects.java:203)
	at java.util.Arrays$ArrayList.&lt;init&gt;(Arrays.java:3813)
	at java.util.Arrays.asList(Arrays.java:3800)
	at FinalProject.DAL.AlgorithmLoader.getAllAlgoNames(AlgorithmLoader.java:78)
	at FinalProject.DAL.AlgorithmLoaderTest.getAllAlgoNames(AlgorithmLoaderTest.java:118)
	at sun.reflect.NativeMethodAccessorImpl.invoke0(Native Method)
	at sun.reflect.NativeMethodAccessorImpl.invoke(NativeMethodAccessorImpl.java:62)
	at sun.reflect.DelegatingMethodAccessorImpl.invoke(DelegatingMethodAccessorImpl.java:43)
	at java.lang.reflect.Method.invoke(Method.java:483)
	at org.junit.runners.model.FrameworkMethod$1.runReflectiveCall(FrameworkMethod.java:50)
	at org.junit.internal.runners.model.ReflectiveCallable.run(ReflectiveCallable.java:12)
	at org.junit.runners.model.FrameworkMethod.invokeExplosively(FrameworkMethod.java:47)
	at org.junit.internal.runners.statements.InvokeMethod.evaluate(InvokeMethod.java:17)
	at org.junit.internal.runners.statements.RunBefores.evaluate(RunBefores.java:26)
	at org.junit.internal.runners.statements.RunAfters.evaluate(RunAfters.java:27)
	at org.junit.runners.ParentRunner.runLeaf(ParentRunner.java:325)
	at org.junit.runners.BlockJUnit4ClassRunner.runChild(BlockJUnit4ClassRunner.java:78)
	at org.junit.runners.BlockJUnit4ClassRunner.runChild(BlockJUnit4ClassRunner.java:57)
	at org.junit.runners.ParentRunner$3.run(ParentRunner.java:290)
	at org.junit.runners.ParentRunner$1.schedule(ParentRunner.java:71)
	at org.junit.runners.ParentRunner.runChildren(ParentRunner.java:288)
	at org.junit.runners.ParentRunner.access$000(ParentRunner.java:58)
	at org.junit.runners.ParentRunner$2.evaluate(ParentRunner.java:268)
	at org.junit.runners.ParentRunner.run(ParentRunner.java:363)
	at org.apache.maven.surefire.junit4.JUnit4TestSet.execute(JUnit4TestSet.java:53)
	at org.apache.maven.surefire.junit4.JUnit4Provider.executeTestSet(JUnit4Provider.java:123)
	at org.apache.maven.surefire.junit4.JUnit4Provider.invoke(JUnit4Provider.java:104)
	at sun.reflect.NativeMethodAccessorImpl.invoke0(Native Method)
	at sun.reflect.NativeMethodAccessorImpl.invoke(NativeMethodAccessorImpl.java:62)
	at sun.reflect.DelegatingMethodAccessorImpl.invoke(DelegatingMethodAccessorImpl.java:43)
	at java.lang.reflect.Method.invoke(Method.java:483)
	at org.apache.maven.surefire.util.ReflectionUtils.invokeMethodWithArray(ReflectionUtils.java:164)
	at org.apache.maven.surefire.booter.ProviderFactory$ProviderProxy.invoke(ProviderFactory.java:110)
	at org.apache.maven.surefire.booter.SurefireStarter.invokeProvider(SurefireStarter.java:175)
	at org.apache.maven.surefire.booter.SurefireStarter.runSuitesInProcessWhenForked(SurefireStarter.java:107)
	at org.apache.maven.surefire.booter.ForkedBooter.main(ForkedBooter.java:68)
</error>
    <system-out>104 [main] WARN FinalProject.DAL.AlgorithmLoader  - cannot find given path. using default path instead
104 [main] WARN FinalProject.DAL.AlgorithmLoader  - cannot find given path. using default path instead
104 [main] WARN FinalProject.DAL.AlgorithmLoader  - cannot find given path. using default path instead
104 [main] WARN FinalProject.DAL.AlgorithmLoader  - cannot find given path. using default path instead
104 [main] WARN FinalProject.DAL.AlgorithmLoader  - cannot find given path. using default path instead
104 [main] WARN FinalProject.DAL.AlgorithmLoader  - cannot find given path. using default path instead
104 [main] WARN FinalProject.DAL.AlgorithmLoader  - cannot find given path. using default path instead
104 [main] WARN FinalProject.DAL.AlgorithmLoader  - cannot find given path. using default path instead
</system-out>
  </testcase>
  <testcase classname="FinalProject.DAL.AlgorithmLoaderTest" name="loadAlgorithmsNotAlgoBad" time="0.119"/>
  <testcase classname="FinalProject.DAL.AlgorithmLoaderTest" name="addAlgoToSystemNotBehaviourBad" time="0.585">
    <error message="directory not found: " type="java.lang.IllegalStateException">java.lang.IllegalStateException: directory not found: 
	at com.sun.tools.javac.main.Main.error(Main.java:186)
	at com.sun.tools.javac.main.Main.checkDirectory(Main.java:345)
	at com.sun.tools.javac.main.Main.processArgs(Main.java:274)
	at com.sun.tools.javac.main.Main.compile(Main.java:414)
	at com.sun.tools.javac.api.JavacTaskImpl.doCall(JavacTaskImpl.java:129)
	at com.sun.tools.javac.api.JavacTaskImpl.call(JavacTaskImpl.java:138)
	at FinalProject.DAL.AlgorithmLoader.compile(AlgorithmLoader.java:181)
	at FinalProject.DAL.AlgorithmLoader.addAlgoToSystem(AlgorithmLoader.java:98)
	at FinalProject.DAL.AlgorithmLoaderTest.addAlgoToSystemNotBehaviourBad(AlgorithmLoaderTest.java:138)
	at sun.reflect.NativeMethodAccessorImpl.invoke0(Native Method)
	at sun.reflect.NativeMethodAccessorImpl.invoke(NativeMethodAccessorImpl.java:62)
	at sun.reflect.DelegatingMethodAccessorImpl.invoke(DelegatingMethodAccessorImpl.java:43)
	at java.lang.reflect.Method.invoke(Method.java:483)
	at org.junit.runners.model.FrameworkMethod$1.runReflectiveCall(FrameworkMethod.java:50)
	at org.junit.internal.runners.model.ReflectiveCallable.run(ReflectiveCallable.java:12)
	at org.junit.runners.model.FrameworkMethod.invokeExplosively(FrameworkMethod.java:47)
	at org.junit.internal.runners.statements.InvokeMethod.evaluate(InvokeMethod.java:17)
	at org.junit.internal.runners.statements.RunBefores.evaluate(RunBefores.java:26)
	at org.junit.internal.runners.statements.RunAfters.evaluate(RunAfters.java:27)
	at org.junit.runners.ParentRunner.runLeaf(ParentRunner.java:325)
	at org.junit.runners.BlockJUnit4ClassRunner.runChild(BlockJUnit4ClassRunner.java:78)
	at org.junit.runners.BlockJUnit4ClassRunner.runChild(BlockJUnit4ClassRunner.java:57)
	at org.junit.runners.ParentRunner$3.run(ParentRunner.java:290)
	at org.junit.runners.ParentRunner$1.schedule(ParentRunner.java:71)
	at org.junit.runners.ParentRunner.runChildren(ParentRunner.java:288)
	at org.junit.runners.ParentRunner.access$000(ParentRunner.java:58)
	at org.junit.runners.ParentRunner$2.evaluate(ParentRunner.java:268)
	at org.junit.runners.ParentRunner.run(ParentRunner.java:363)
	at org.apache.maven.surefire.junit4.JUnit4TestSet.execute(JUnit4TestSet.java:53)
	at org.apache.maven.surefire.junit4.JUnit4Provider.executeTestSet(JUnit4Provider.java:123)
	at org.apache.maven.surefire.junit4.JUnit4Provider.invoke(JUnit4Provider.java:104)
	at sun.reflect.NativeMethodAccessorImpl.invoke0(Native Method)
	at sun.reflect.NativeMethodAccessorImpl.invoke(NativeMethodAccessorImpl.java:62)
	at sun.reflect.DelegatingMethodAccessorImpl.invoke(DelegatingMethodAccessorImpl.java:43)
	at java.lang.reflect.Method.invoke(Method.java:483)
	at org.apache.maven.surefire.util.ReflectionUtils.invokeMethodWithArray(ReflectionUtils.java:164)
	at org.apache.maven.surefire.booter.ProviderFactory$ProviderProxy.invoke(ProviderFactory.java:110)
	at org.apache.maven.surefire.booter.SurefireStarter.invokeProvider(SurefireStarter.java:175)
	at org.apache.maven.surefire.booter.SurefireStarter.runSuitesInProcessWhenForked(SurefireStarter.java:107)
	at org.apache.maven.surefire.booter.ForkedBooter.main(ForkedBooter.java:68)
</error>
    <system-out>332 [main] WARN FinalProject.DAL.AlgorithmLoader  - cannot find given path. using default path instead
332 [main] WARN FinalProject.DAL.AlgorithmLoader  - cannot find given path. using default path instead
332 [main] WARN FinalProject.DAL.AlgorithmLoader  - cannot find given path. using default path instead
332 [main] WARN FinalProject.DAL.AlgorithmLoader  - cannot find given path. using default path instead
332 [main] WARN FinalProject.DAL.AlgorithmLoader  - cannot find given path. using default path instead
332 [main] WARN FinalProject.DAL.AlgorithmLoader  - cannot find given path. using default path instead
332 [main] WARN FinalProject.DAL.AlgorithmLoader  - cannot find given path. using default path instead
332 [main] WARN FinalProject.DAL.AlgorithmLoader  - cannot find given path. using default path instead
332 [main] WARN FinalProject.DAL.AlgorithmLoader  - cannot find given path. using default path instead
332 [main] WARN FinalProject.DAL.AlgorithmLoader  - cannot find given path. using default path instead
</system-out>
  </testcase>
  <testcase classname="FinalProject.DAL.AlgorithmLoaderTest" name="loadAlgorithmsGood" time="0.009">
    <error message="directory not found: " type="java.lang.IllegalStateException">java.lang.IllegalStateException: directory not found: 
	at com.sun.tools.javac.main.Main.error(Main.java:186)
	at com.sun.tools.javac.main.Main.checkDirectory(Main.java:345)
	at com.sun.tools.javac.main.Main.processArgs(Main.java:274)
	at com.sun.tools.javac.main.Main.compile(Main.java:414)
	at com.sun.tools.javac.api.JavacTaskImpl.doCall(JavacTaskImpl.java:129)
	at com.sun.tools.javac.api.JavacTaskImpl.call(JavacTaskImpl.java:138)
	at FinalProject.DAL.AlgorithmLoader.compile(AlgorithmLoader.java:181)
	at FinalProject.DAL.AlgorithmLoader.addAlgoToSystem(AlgorithmLoader.java:98)
	at FinalProject.DAL.AlgorithmLoaderTest.loadAlgorithmsGood(AlgorithmLoaderTest.java:49)
	at sun.reflect.NativeMethodAccessorImpl.invoke0(Native Method)
	at sun.reflect.NativeMethodAccessorImpl.invoke(NativeMethodAccessorImpl.java:62)
	at sun.reflect.DelegatingMethodAccessorImpl.invoke(DelegatingMethodAccessorImpl.java:43)
	at java.lang.reflect.Method.invoke(Method.java:483)
	at org.junit.runners.model.FrameworkMethod$1.runReflectiveCall(FrameworkMethod.java:50)
	at org.junit.internal.runners.model.ReflectiveCallable.run(ReflectiveCallable.java:12)
	at org.junit.runners.model.FrameworkMethod.invokeExplosively(FrameworkMethod.java:47)
	at org.junit.internal.runners.statements.InvokeMethod.evaluate(InvokeMethod.java:17)
	at org.junit.internal.runners.statements.RunBefores.evaluate(RunBefores.java:26)
	at org.junit.internal.runners.statements.RunAfters.evaluate(RunAfters.java:27)
	at org.junit.runners.ParentRunner.runLeaf(ParentRunner.java:325)
	at org.junit.runners.BlockJUnit4ClassRunner.runChild(BlockJUnit4ClassRunner.java:78)
	at org.junit.runners.BlockJUnit4ClassRunner.runChild(BlockJUnit4ClassRunner.java:57)
	at org.junit.runners.ParentRunner$3.run(ParentRunner.java:290)
	at org.junit.runners.ParentRunner$1.schedule(ParentRunner.java:71)
	at org.junit.runners.ParentRunner.runChildren(ParentRunner.java:288)
	at org.junit.runners.ParentRunner.access$000(ParentRunner.java:58)
	at org.junit.runners.ParentRunner$2.evaluate(ParentRunner.java:268)
	at org.junit.runners.ParentRunner.run(ParentRunner.java:363)
	at org.apache.maven.surefire.junit4.JUnit4TestSet.execute(JUnit4TestSet.java:53)
	at org.apache.maven.surefire.junit4.JUnit4Provider.executeTestSet(JUnit4Provider.java:123)
	at org.apache.maven.surefire.junit4.JUnit4Provider.invoke(JUnit4Provider.java:104)
	at sun.reflect.NativeMethodAccessorImpl.invoke0(Native Method)
	at sun.reflect.NativeMethodAccessorImpl.invoke(NativeMethodAccessorImpl.java:62)
	at sun.reflect.DelegatingMethodAccessorImpl.invoke(DelegatingMethodAccessorImpl.java:43)
	at java.lang.reflect.Method.invoke(Method.java:483)
	at org.apache.maven.surefire.util.ReflectionUtils.invokeMethodWithArray(ReflectionUtils.java:164)
	at org.apache.maven.surefire.booter.ProviderFactory$ProviderProxy.invoke(ProviderFactory.java:110)
	at org.apache.maven.surefire.booter.SurefireStarter.invokeProvider(SurefireStarter.java:175)
	at org.apache.maven.surefire.booter.SurefireStarter.runSuitesInProcessWhenForked(SurefireStarter.java:107)
	at org.apache.maven.surefire.booter.ForkedBooter.main(ForkedBooter.java:68)
</error>
    <system-out>941 [main] WARN FinalProject.DAL.AlgorithmLoader  - cannot find given path. using default path instead
941 [main] WARN FinalProject.DAL.AlgorithmLoader  - cannot find given path. using default path instead
941 [main] WARN FinalProject.DAL.AlgorithmLoader  - cannot find given path. using default path instead
941 [main] WARN FinalProject.DAL.AlgorithmLoader  - cannot find given path. using default path instead
941 [main] WARN FinalProject.DAL.AlgorithmLoader  - cannot find given path. using default path instead
941 [main] WARN FinalProject.DAL.AlgorithmLoader  - cannot find given path. using default path instead
941 [main] WARN FinalProject.DAL.AlgorithmLoader  - cannot find given path. using default path instead
941 [main] WARN FinalProject.DAL.AlgorithmLoader  - cannot find given path. using default path instead
941 [main] WARN FinalProject.DAL.AlgorithmLoader  - cannot find given path. using default path instead
941 [main] WARN FinalProject.DAL.AlgorithmLoader  - cannot find given path. using default path instead
941 [main] WARN FinalProject.DAL.AlgorithmLoader  - cannot find given path. using default path instead
</system-out>
  </testcase>
  <testcase classname="FinalProject.DAL.AlgorithmLoaderTest" name="loadAlgorithmsNotAllAreAlgoBad" time="0.026">
    <error message="directory not found: " type="java.lang.IllegalStateException">java.lang.IllegalStateException: directory not found: 
	at com.sun.tools.javac.main.Main.error(Main.java:186)
	at com.sun.tools.javac.main.Main.checkDirectory(Main.java:345)
	at com.sun.tools.javac.main.Main.processArgs(Main.java:274)
	at com.sun.tools.javac.main.Main.compile(Main.java:414)
	at com.sun.tools.javac.api.JavacTaskImpl.doCall(JavacTaskImpl.java:129)
	at com.sun.tools.javac.api.JavacTaskImpl.call(JavacTaskImpl.java:138)
	at FinalProject.DAL.AlgorithmLoader.compile(AlgorithmLoader.java:181)
	at FinalProject.DAL.AlgorithmLoader.addAlgoToSystem(AlgorithmLoader.java:98)
	at FinalProject.DAL.AlgorithmLoaderTest.loadAlgorithmsNotAllAreAlgoBad(AlgorithmLoaderTest.java:86)
	at sun.reflect.NativeMethodAccessorImpl.invoke0(Native Method)
	at sun.reflect.NativeMethodAccessorImpl.invoke(NativeMethodAccessorImpl.java:62)
	at sun.reflect.DelegatingMethodAccessorImpl.invoke(DelegatingMethodAccessorImpl.java:43)
	at java.lang.reflect.Method.invoke(Method.java:483)
	at org.junit.runners.model.FrameworkMethod$1.runReflectiveCall(FrameworkMethod.java:50)
	at org.junit.internal.runners.model.ReflectiveCallable.run(ReflectiveCallable.java:12)
	at org.junit.runners.model.FrameworkMethod.invokeExplosively(FrameworkMethod.java:47)
	at org.junit.internal.runners.statements.InvokeMethod.evaluate(InvokeMethod.java:17)
	at org.junit.internal.runners.statements.RunBefores.evaluate(RunBefores.java:26)
	at org.junit.internal.runners.statements.RunAfters.evaluate(RunAfters.java:27)
	at org.junit.runners.ParentRunner.runLeaf(ParentRunner.java:325)
	at org.junit.runners.BlockJUnit4ClassRunner.runChild(BlockJUnit4ClassRunner.java:78)
	at org.junit.runners.BlockJUnit4ClassRunner.runChild(BlockJUnit4ClassRunner.java:57)
	at org.junit.runners.ParentRunner$3.run(ParentRunner.java:290)
	at org.junit.runners.ParentRunner$1.schedule(ParentRunner.java:71)
	at org.junit.runners.ParentRunner.runChildren(ParentRunner.java:288)
	at org.junit.runners.ParentRunner.access$000(ParentRunner.java:58)
	at org.junit.runners.ParentRunner$2.evaluate(ParentRunner.java:268)
	at org.junit.runners.ParentRunner.run(ParentRunner.java:363)
	at org.apache.maven.surefire.junit4.JUnit4TestSet.execute(JUnit4TestSet.java:53)
	at org.apache.maven.surefire.junit4.JUnit4Provider.executeTestSet(JUnit4Provider.java:123)
	at org.apache.maven.surefire.junit4.JUnit4Provider.invoke(JUnit4Provider.java:104)
	at sun.reflect.NativeMethodAccessorImpl.invoke0(Native Method)
	at sun.reflect.NativeMethodAccessorImpl.invoke(NativeMethodAccessorImpl.java:62)
	at sun.reflect.DelegatingMethodAccessorImpl.invoke(DelegatingMethodAccessorImpl.java:43)
	at java.lang.reflect.Method.invoke(Method.java:483)
	at org.apache.maven.surefire.util.ReflectionUtils.invokeMethodWithArray(ReflectionUtils.java:164)
	at org.apache.maven.surefire.booter.ProviderFactory$ProviderProxy.invoke(ProviderFactory.java:110)
	at org.apache.maven.surefire.booter.SurefireStarter.invokeProvider(SurefireStarter.java:175)
	at org.apache.maven.surefire.booter.SurefireStarter.runSuitesInProcessWhenForked(SurefireStarter.java:107)
	at org.apache.maven.surefire.booter.ForkedBooter.main(ForkedBooter.java:68)
</error>
    <system-out>951 [main] WARN FinalProject.DAL.AlgorithmLoader  - cannot find given path. using default path instead
951 [main] WARN FinalProject.DAL.AlgorithmLoader  - cannot find given path. using default path instead
951 [main] WARN FinalProject.DAL.AlgorithmLoader  - cannot find given path. using default path instead
951 [main] WARN FinalProject.DAL.AlgorithmLoader  - cannot find given path. using default path instead
951 [main] WARN FinalProject.DAL.AlgorithmLoader  - cannot find given path. using default path instead
951 [main] WARN FinalProject.DAL.AlgorithmLoader  - cannot find given path. using default path instead
951 [main] WARN FinalProject.DAL.AlgorithmLoader  - cannot find given path. using default path instead
951 [main] WARN FinalProject.DAL.AlgorithmLoader  - cannot find given path. using default path instead
951 [main] WARN FinalProject.DAL.AlgorithmLoader  - cannot find given path. using default path instead
951 [main] WARN FinalProject.DAL.AlgorithmLoader  - cannot find given path. using default path instead
951 [main] WARN FinalProject.DAL.AlgorithmLoader  - cannot find given path. using default path instead
951 [main] WARN FinalProject.DAL.AlgorithmLoader  - cannot find given path. using default path instead
</system-out>
  </testcase>
  <testcase classname="FinalProject.DAL.AlgorithmLoaderTest" name="loadAlgorithmsNullNameAlgoBad" time="0.008"/>
  <testcase classname="FinalProject.DAL.AlgorithmLoaderTest" name="loadAlgorithmsNullAndAlgoInListBad" time="0.006">
    <error message="directory not found: " type="java.lang.IllegalStateException">java.lang.IllegalStateException: directory not found: 
	at com.sun.tools.javac.main.Main.error(Main.java:186)
	at com.sun.tools.javac.main.Main.checkDirectory(Main.java:345)
	at com.sun.tools.javac.main.Main.processArgs(Main.java:274)
	at com.sun.tools.javac.main.Main.compile(Main.java:414)
	at com.sun.tools.javac.api.JavacTaskImpl.doCall(JavacTaskImpl.java:129)
	at com.sun.tools.javac.api.JavacTaskImpl.call(JavacTaskImpl.java:138)
	at FinalProject.DAL.AlgorithmLoader.compile(AlgorithmLoader.java:181)
	at FinalProject.DAL.AlgorithmLoader.addAlgoToSystem(AlgorithmLoader.java:98)
	at FinalProject.DAL.AlgorithmLoaderTest.loadAlgorithmsNullAndAlgoInListBad(AlgorithmLoaderTest.java:62)
	at sun.reflect.NativeMethodAccessorImpl.invoke0(Native Method)
	at sun.reflect.NativeMethodAccessorImpl.invoke(NativeMethodAccessorImpl.java:62)
	at sun.reflect.DelegatingMethodAccessorImpl.invoke(DelegatingMethodAccessorImpl.java:43)
	at java.lang.reflect.Method.invoke(Method.java:483)
	at org.junit.runners.model.FrameworkMethod$1.runReflectiveCall(FrameworkMethod.java:50)
	at org.junit.internal.runners.model.ReflectiveCallable.run(ReflectiveCallable.java:12)
	at org.junit.runners.model.FrameworkMethod.invokeExplosively(FrameworkMethod.java:47)
	at org.junit.internal.runners.statements.InvokeMethod.evaluate(InvokeMethod.java:17)
	at org.junit.internal.runners.statements.RunBefores.evaluate(RunBefores.java:26)
	at org.junit.internal.runners.statements.RunAfters.evaluate(RunAfters.java:27)
	at org.junit.runners.ParentRunner.runLeaf(ParentRunner.java:325)
	at org.junit.runners.BlockJUnit4ClassRunner.runChild(BlockJUnit4ClassRunner.java:78)
	at org.junit.runners.BlockJUnit4ClassRunner.runChild(BlockJUnit4ClassRunner.java:57)
	at org.junit.runners.ParentRunner$3.run(ParentRunner.java:290)
	at org.junit.runners.ParentRunner$1.schedule(ParentRunner.java:71)
	at org.junit.runners.ParentRunner.runChildren(ParentRunner.java:288)
	at org.junit.runners.ParentRunner.access$000(ParentRunner.java:58)
	at org.junit.runners.ParentRunner$2.evaluate(ParentRunner.java:268)
	at org.junit.runners.ParentRunner.run(ParentRunner.java:363)
	at org.apache.maven.surefire.junit4.JUnit4TestSet.execute(JUnit4TestSet.java:53)
	at org.apache.maven.surefire.junit4.JUnit4Provider.executeTestSet(JUnit4Provider.java:123)
	at org.apache.maven.surefire.junit4.JUnit4Provider.invoke(JUnit4Provider.java:104)
	at sun.reflect.NativeMethodAccessorImpl.invoke0(Native Method)
	at sun.reflect.NativeMethodAccessorImpl.invoke(NativeMethodAccessorImpl.java:62)
	at sun.reflect.DelegatingMethodAccessorImpl.invoke(DelegatingMethodAccessorImpl.java:43)
	at java.lang.reflect.Method.invoke(Method.java:483)
	at org.apache.maven.surefire.util.ReflectionUtils.invokeMethodWithArray(ReflectionUtils.java:164)
	at org.apache.maven.surefire.booter.ProviderFactory$ProviderProxy.invoke(ProviderFactory.java:110)
	at org.apache.maven.surefire.booter.SurefireStarter.invokeProvider(SurefireStarter.java:175)
	at org.apache.maven.surefire.booter.SurefireStarter.runSuitesInProcessWhenForked(SurefireStarter.java:107)
	at org.apache.maven.surefire.booter.ForkedBooter.main(ForkedBooter.java:68)
</error>
    <system-out>979 [main] WARN FinalProject.DAL.AlgorithmLoader  - cannot find given path. using default path instead
979 [main] WARN FinalProject.DAL.AlgorithmLoader  - cannot find given path. using default path instead
979 [main] WARN FinalProject.DAL.AlgorithmLoader  - cannot find given path. using default path instead
979 [main] WARN FinalProject.DAL.AlgorithmLoader  - cannot find given path. using default path instead
979 [main] WARN FinalProject.DAL.AlgorithmLoader  - cannot find given path. using default path instead
979 [main] WARN FinalProject.DAL.AlgorithmLoader  - cannot find given path. using default path instead
979 [main] WARN FinalProject.DAL.AlgorithmLoader  - cannot find given path. using default path instead
979 [main] WARN FinalProject.DAL.AlgorithmLoader  - cannot find given path. using default path instead
979 [main] WARN FinalProject.DAL.AlgorithmLoader  - cannot find given path. using default path instead
979 [main] WARN FinalProject.DAL.AlgorithmLoader  - cannot find given path. using default path instead
979 [main] WARN FinalProject.DAL.AlgorithmLoader  - cannot find given path. using default path instead
979 [main] WARN FinalProject.DAL.AlgorithmLoader  - cannot find given path. using default path instead
979 [main] WARN FinalProject.DAL.AlgorithmLoader  - cannot find given path. using default path instead
979 [main] WARN FinalProject.DAL.AlgorithmLoader  - cannot find given path. using default path instead
</system-out>
  </testcase>
  <testcase classname="FinalProject.DAL.AlgorithmLoaderTest" name="addAlgoToSystemGood" time="0.014">
    <error message="directory not found: " type="java.lang.IllegalStateException">java.lang.IllegalStateException: directory not found: 
	at com.sun.tools.javac.main.Main.error(Main.java:186)
	at com.sun.tools.javac.main.Main.checkDirectory(Main.java:345)
	at com.sun.tools.javac.main.Main.processArgs(Main.java:274)
	at com.sun.tools.javac.main.Main.compile(Main.java:414)
	at com.sun.tools.javac.api.JavacTaskImpl.doCall(JavacTaskImpl.java:129)
	at com.sun.tools.javac.api.JavacTaskImpl.call(JavacTaskImpl.java:138)
	at FinalProject.DAL.AlgorithmLoader.compile(AlgorithmLoader.java:181)
	at FinalProject.DAL.AlgorithmLoader.addAlgoToSystem(AlgorithmLoader.java:98)
	at FinalProject.DAL.AlgorithmLoaderTest.addAlgoToSystemGood(AlgorithmLoaderTest.java:126)
	at sun.reflect.NativeMethodAccessorImpl.invoke0(Native Method)
	at sun.reflect.NativeMethodAccessorImpl.invoke(NativeMethodAccessorImpl.java:62)
	at sun.reflect.DelegatingMethodAccessorImpl.invoke(DelegatingMethodAccessorImpl.java:43)
	at java.lang.reflect.Method.invoke(Method.java:483)
	at org.junit.runners.model.FrameworkMethod$1.runReflectiveCall(FrameworkMethod.java:50)
	at org.junit.internal.runners.model.ReflectiveCallable.run(ReflectiveCallable.java:12)
	at org.junit.runners.model.FrameworkMethod.invokeExplosively(FrameworkMethod.java:47)
	at org.junit.internal.runners.statements.InvokeMethod.evaluate(InvokeMethod.java:17)
	at org.junit.internal.runners.statements.RunBefores.evaluate(RunBefores.java:26)
	at org.junit.internal.runners.statements.RunAfters.evaluate(RunAfters.java:27)
	at org.junit.runners.ParentRunner.runLeaf(ParentRunner.java:325)
	at org.junit.runners.BlockJUnit4ClassRunner.runChild(BlockJUnit4ClassRunner.java:78)
	at org.junit.runners.BlockJUnit4ClassRunner.runChild(BlockJUnit4ClassRunner.java:57)
	at org.junit.runners.ParentRunner$3.run(ParentRunner.java:290)
	at org.junit.runners.ParentRunner$1.schedule(ParentRunner.java:71)
	at org.junit.runners.ParentRunner.runChildren(ParentRunner.java:288)
	at org.junit.runners.ParentRunner.access$000(ParentRunner.java:58)
	at org.junit.runners.ParentRunner$2.evaluate(ParentRunner.java:268)
	at org.junit.runners.ParentRunner.run(ParentRunner.java:363)
	at org.apache.maven.surefire.junit4.JUnit4TestSet.execute(JUnit4TestSet.java:53)
	at org.apache.maven.surefire.junit4.JUnit4Provider.executeTestSet(JUnit4Provider.java:123)
	at org.apache.maven.surefire.junit4.JUnit4Provider.invoke(JUnit4Provider.java:104)
	at sun.reflect.NativeMethodAccessorImpl.invoke0(Native Method)
	at sun.reflect.NativeMethodAccessorImpl.invoke(NativeMethodAccessorImpl.java:62)
	at sun.reflect.DelegatingMethodAccessorImpl.invoke(DelegatingMethodAccessorImpl.java:43)
	at java.lang.reflect.Method.invoke(Method.java:483)
	at org.apache.maven.surefire.util.ReflectionUtils.invokeMethodWithArray(ReflectionUtils.java:164)
	at org.apache.maven.surefire.booter.ProviderFactory$ProviderProxy.invoke(ProviderFactory.java:110)
	at org.apache.maven.surefire.booter.SurefireStarter.invokeProvider(SurefireStarter.java:175)
	at org.apache.maven.surefire.booter.SurefireStarter.runSuitesInProcessWhenForked(SurefireStarter.java:107)
	at org.apache.maven.surefire.booter.ForkedBooter.main(ForkedBooter.java:68)
</error>
    <system-out>990 [main] WARN FinalProject.DAL.AlgorithmLoader  - cannot find given path. using default path instead
990 [main] WARN FinalProject.DAL.AlgorithmLoader  - cannot find given path. using default path instead
990 [main] WARN FinalProject.DAL.AlgorithmLoader  - cannot find given path. using default path instead
990 [main] WARN FinalProject.DAL.AlgorithmLoader  - cannot find given path. using default path instead
990 [main] WARN FinalProject.DAL.AlgorithmLoader  - cannot find given path. using default path instead
990 [main] WARN FinalProject.DAL.AlgorithmLoader  - cannot find given path. using default path instead
990 [main] WARN FinalProject.DAL.AlgorithmLoader  - cannot find given path. using default path instead
990 [main] WARN FinalProject.DAL.AlgorithmLoader  - cannot find given path. using default path instead
990 [main] WARN FinalProject.DAL.AlgorithmLoader  - cannot find given path. using default path instead
990 [main] WARN FinalProject.DAL.AlgorithmLoader  - cannot find given path. using default path instead
990 [main] WARN FinalProject.DAL.AlgorithmLoader  - cannot find given path. using default path instead
990 [main] WARN FinalProject.DAL.AlgorithmLoader  - cannot find given path. using default path instead
990 [main] WARN FinalProject.DAL.AlgorithmLoader  - cannot find given path. using default path instead
990 [main] WARN FinalProject.DAL.AlgorithmLoader  - cannot find given path. using default path instead
990 [main] WARN FinalProject.DAL.AlgorithmLoader  - cannot find given path. using default path instead
</system-out>
  </testcase>
  <testcase classname="FinalProject.DAL.AlgorithmLoaderTest" name="loadAlgorithmsNullListAlgoBad" time="0.029"/>
</testsuite>